-------------------------------------------------------------------------------
Test set: PersonalityTests.MyPersonalityTests
-------------------------------------------------------------------------------
Tests run: 1, Failures: 0, Errors: 1, Skipped: 0, Time elapsed: 0.002 s <<< FAILURE! - in PersonalityTests.MyPersonalityTests
initializationError  Time elapsed: 0 s  <<< ERROR!
org.junit.runners.model.InvalidTestClassError: 
Invalid test class 'PersonalityTests.MyPersonalityTests':
  1. No runnable methods

