<?xml version="1.0" encoding="UTF-8"?>
<testsuite xmlns:xsi="http://www.w3.org/2001/XMLSchema-instance" xsi:noNamespaceSchemaLocation="https://maven.apache.org/surefire/maven-surefire-plugin/xsd/surefire-test-report.xsd" name="PersonalityTests.MyPersonalityTests" time="0.002" tests="1" errors="1" skipped="0" failures="0">
  <properties>
[...]
</properties>
  <testcase name="testBMI" classname="PersonalityTests.MyPersonalityTests" time="0.002">
    <error message="No ParameterResolver registered for parameter [java.lang.Integer arg0] in constructor [public PersonalityTests.MyPersonalityTests(java.lang.Integer)]." type="org.junit.jupiter.api.extension.ParameterResolutionException">org.junit.jupiter.api.extension.ParameterResolutionException: No ParameterResolver registered for parameter [java.lang.Integer arg0] in constructor [public PersonalityTests.MyPersonalityTests(java.lang.Integer)].
</error>
  </testcase>
  <testcase name="initializationError" classname="PersonalityTests.MyPersonalityTests" time="0">
    <error message="Invalid test class &apos;PersonalityTests.MyPersonalityTests&apos;:&#10;  1. No runnable methods" type="org.junit.runners.model.InvalidTestClassError">org.junit.runners.model.InvalidTestClassError: 
Invalid test class 'PersonalityTests.MyPersonalityTests':
  1. No runnable methods
</error>
  </testcase>
</testsuite>